#
# A fatal error has been detected by the Java Runtime Environment:
#
#  EXCEPTION_ACCESS_VIOLATION (0xc0000005) at pc=0x00007ff8f51fa26b, pid=6704, tid=0x0000000000000618
#
# JRE version: Java(TM) SE Runtime Environment (8.0_151-b12) (build 1.8.0_151-b12)
# Java VM: Java HotSpot(TM) 64-Bit Server VM (25.151-b12 mixed mode windows-amd64 compressed oops)
# Problematic frame:
# C  [ntdll.dll+0x3a26b]
#
# Failed to write core dump. Minidumps are not enabled by default on client versions of Windows
#
# If you would like to submit a bug report, please visit:
#   http://bugreport.java.com/bugreport/crash.jsp
#

---------------  T H R E A D  ---------------

Current thread (0x000000001e2ed000):  JavaThread "C2 CompilerThread2" daemon [_thread_in_native, id=1560, stack(0x000000001eca0000,0x000000001eda0000)]

siginfo: ExceptionCode=0xc0000005, reading address 0xffffffffffffffff

Registers:
RAX=0xffffffffffffffff, RBX=0x00000000028a0000, RCX=0x00000000ffffffff, RDX=0x0000000000a00000
RSP=0x000000001ed9bd70, RBP=0x000000001ed9c150, RSI=0x00000000680be380, RDI=0x0000000067933e20
R8 =0x00000000028a456c, R9 =0x000000000000001b, R10=0x00007ff8f52d25e0, R11=0x0000000000000000
R12=0x00000000028a0150, R13=0x0000000000000298, R14=0x00000000028a44f0, R15=0x00000000680be390
RIP=0x00007ff8f51fa26b, EFLAGS=0x0000000000010287

Top of Stack: (sp=0x000000001ed9bd70)
0x000000001ed9bd70:   0000000000000000 00000000028a6100
0x000000001ed9bd80:   0000000000000000 0000000000000000
0x000000001ed9bd90:   000000001ed9c228 00000000736ae500
0x000000001ed9bda0:   0000000002cad401 0000000000000000
0x000000001ed9bdb0:   000000000000b100 0000000000000001
0x000000001ed9bdc0:   0000000000000000 0000000000000000
0x000000001ed9bdd0:   000091631e010001 0000000083007af9
0x000000001ed9bde0:   0000000000001bf8 0000000000000001
0x000000001ed9bdf0:   0000023502cad418 0000000000000000
0x000000001ed9be00:   00000000680b06c0 000000001f5dd910
0x000000001ed9be10:   0000000000000000 00000000680b06c0
0x000000001ed9be20:   00000000028a0150 00000000680b06c0
0x000000001ed9be30:   0000000000000298 00000000000003ff
0x000000001ed9be40:   0000000000000298 000000001ed9ea20
0x000000001ed9be50:   0000000000001064 0000000000001064
0x000000001ed9be60:   000000001ed9c0e0 ffffffff23000427 

Instructions: (pc=0x00007ff8f51fa26b)
0x00007ff8f51fa24b:   85 ff 0f 84 38 0a 00 00 48 8d 83 50 01 00 00 48
0x00007ff8f51fa25b:   3b c7 0f 85 a8 03 00 00 4c 8d 7e 10 48 8b 47 08
0x00007ff8f51fa26b:   48 8b 08 48 3b cf 0f 85 a9 17 00 00 49 89 3f 49
0x00007ff8f51fa27b:   89 47 08 4c 89 38 4c 89 7f 08 0f b7 46 08 48 01 


Register to memory mapping:

RAX=0xffffffffffffffff is an unknown value
RBX=0x00000000028a0000 is an unknown value
RCX=0x00000000ffffffff is an unknown value
RDX=0x0000000000a00000 is an unknown value
RSP=0x000000001ed9bd70 is pointing into the stack for thread: 0x000000001e2ed000
RBP=0x000000001ed9c150 is pointing into the stack for thread: 0x000000001e2ed000
RSI=0x00000000680be380 is an unknown value
RDI=0x0000000067933e20 is an unknown value
R8 =0x00000000028a456c is an unknown value
R9 =0x000000000000001b is an unknown value
R10=0x00007ff8f52d25e0 is an unknown value
R11=0x0000000000000000 is an unknown value
R12=0x00000000028a0150 is an unknown value
R13=0x0000000000000298 is an unknown value
R14=0x00000000028a44f0 is an unknown value
R15=0x00000000680be390 is an unknown value


Stack: [0x000000001eca0000,0x000000001eda0000],  sp=0x000000001ed9bd70,  free space=1007k
Native frames: (J=compiled Java code, j=interpreted, Vv=VM code, C=native code)
C  [ntdll.dll+0x3a26b]
C  [ntdll.dll+0x380b7]
C  [msvcr100.dll+0x68d17]
V  [jvm.dll+0x21df8e]
V  [jvm.dll+0xcd4f0]
V  [jvm.dll+0xcd9dc]
V  [jvm.dll+0x49cbec]
V  [jvm.dll+0x468b49]
V  [jvm.dll+0x4740fb]
V  [jvm.dll+0x476a07]
V  [jvm.dll+0x459422]
V  [jvm.dll+0xa5be2]
V  [jvm.dll+0xa651f]
V  [jvm.dll+0x244adf]
V  [jvm.dll+0x29c3ea]
C  [msvcr100.dll+0x21d9f]
C  [msvcr100.dll+0x21e3b]
C  [KERNEL32.DLL+0x8364]
C  [ntdll.dll+0x67091]


Current CompileTask:
C2:   1037  793 %     4       gui.Window::rescale @ 69 (133 bytes)


---------------  P R O C E S S  ---------------

Java Threads: ( => current thread )
  0x000000001e36f000 JavaThread "Service Thread" daemon [_thread_blocked, id=2388, stack(0x000000001eea0000,0x000000001efa0000)]
  0x000000001e318000 JavaThread "C1 CompilerThread3" daemon [_thread_in_vm, id=3484, stack(0x000000001eda0000,0x000000001eea0000)]
=>0x000000001e2ed000 JavaThread "C2 CompilerThread2" daemon [_thread_in_native, id=1560, stack(0x000000001eca0000,0x000000001eda0000)]
  0x000000001e2e1000 JavaThread "C2 CompilerThread1" daemon [_thread_in_native, id=8796, stack(0x000000001eba0000,0x000000001eca0000)]
  0x000000001e2da000 JavaThread "C2 CompilerThread0" daemon [_thread_in_native, id=8888, stack(0x000000001eaa0000,0x000000001eba0000)]
  0x000000001e2d9000 JavaThread "Attach Listener" daemon [_thread_blocked, id=7628, stack(0x000000001e9a0000,0x000000001eaa0000)]
  0x000000001e2d8000 JavaThread "Signal Dispatcher" daemon [_thread_blocked, id=6740, stack(0x000000001e8a0000,0x000000001e9a0000)]
  0x000000001e2d0800 JavaThread "Finalizer" daemon [_thread_blocked, id=1680, stack(0x000000001e6b0000,0x000000001e7b0000)]
  0x00000000029a9000 JavaThread "Reference Handler" daemon [_thread_blocked, id=9152, stack(0x000000001e1b0000,0x000000001e2b0000)]
  0x00000000028ae800 JavaThread "main" [_thread_in_native, id=2240, stack(0x0000000002710000,0x0000000002810000)]

Other Threads:
  0x000000001c3b9800 VMThread [stack: 0x000000001e0b0000,0x000000001e1b0000] [id=760]
  0x000000001e37f000 WatcherThread [stack: 0x000000001efa0000,0x000000001f0a0000] [id=5980]

VM state:not at safepoint (normal execution)

VM Mutex/Monitor currently owned by a thread:  ([mutex/lock_event])
[0x00000000028a88a0] CodeCache_lock - owner thread: 0x000000001e318000
[0x00000000028b0dd0] Compile_lock - owner thread: 0x000000001e318000
[0x00000000028b06d0] MethodCompileQueue_lock - owner thread: 0x000000001e318000

Heap:
 PSYoungGen      total 141824K, used 89362K [0x000000076b500000, 0x000000077bc00000, 0x00000007c0000000)
  eden space 131072K, 66% used [0x000000076b500000,0x0000000770a5b358,0x0000000773500000)
  from space 10752K, 18% used [0x0000000773500000,0x00000007736e9680,0x0000000773f80000)
  to   space 3584K, 0% used [0x000000077b880000,0x000000077b880000,0x000000077bc00000)
 ParOldGen       total 175104K, used 40K [0x00000006c1e00000, 0x00000006cc900000, 0x000000076b500000)
  object space 175104K, 0% used [0x00000006c1e00000,0x00000006c1e0a000,0x00000006cc900000)
 Metaspace       used 8822K, capacity 9019K, committed 9216K, reserved 1056768K
  class space    used 830K, capacity 912K, committed 1024K, reserved 1048576K

Card table byte_map: [0x0000000011d70000,0x0000000012570000] byte_map_base: 0x000000000e761000

Marking Bits: (ParMarkBitMap*) 0x0000000073e2d850
 Begin Bits: [0x00000000132c0000, 0x0000000017248000)
 End Bits:   [0x0000000017248000, 0x000000001b1d0000)

Polling page: 0x0000000000960000

CodeCache: size=245760Kb used=3068Kb max_used=3068Kb free=242691Kb
 bounds [0x00000000029b0000, 0x0000000002cc0000, 0x00000000119b0000]
 total_blobs=1617 nmethods=793 adapters=736
 compilation: enabled

Compilation events (10 events):
Event: 1.022 Thread 0x000000001e318000  791 %     3       gui.Window::rescale @ 69 (133 bytes)
Event: 1.022 Thread 0x000000001e318000 nmethod 791% 0x0000000002cadb50 code [0x0000000002cadd60, 0x0000000002cae698]
Event: 1.022 Thread 0x000000001e318000  792       3       gui.Window::rescale (133 bytes)
Event: 1.023 Thread 0x000000001e318000 nmethod 792 0x0000000002caec90 code [0x0000000002caeea0, 0x0000000002caf658]
Event: 1.023 Thread 0x000000001e2ed000  793 %     4       gui.Window::rescale @ 69 (133 bytes)
Event: 1.025 Thread 0x000000001e318000  795       3       internal.Pixel::<init> (52 bytes)
Event: 1.025 Thread 0x000000001e318000 nmethod 795 0x0000000002cac7d0 code [0x0000000002cac960, 0x0000000002cacd28]
Event: 1.025 Thread 0x000000001e318000  796       3       internal.Pixel::canBeConvertedToPixel (10 bytes)
Event: 1.025 Thread 0x000000001e318000 nmethod 796 0x0000000002cafbd0 code [0x0000000002cafd20, 0x0000000002cafed0]
Event: 1.029 Thread 0x000000001e318000  798 %     3       internal.AutoPilotCamera::convertToPixelArray @ 30 (79 bytes)

GC Heap History (10 events):
Event: 0.750 GC heap before
{Heap before GC invocations=1 (full 0):
 PSYoungGen      total 76288K, used 65536K [0x000000076b500000, 0x0000000770a00000, 0x00000007c0000000)
  eden space 65536K, 100% used [0x000000076b500000,0x000000076f500000,0x000000076f500000)
  from space 10752K, 0% used [0x000000076ff80000,0x000000076ff80000,0x0000000770a00000)
  to   space 10752K, 0% used [0x000000076f500000,0x000000076f500000,0x000000076ff80000)
 ParOldGen       total 175104K, used 0K [0x00000006c1e00000, 0x00000006cc900000, 0x000000076b500000)
  object space 175104K, 0% used [0x00000006c1e00000,0x00000006c1e00000,0x00000006cc900000)
 Metaspace       used 8347K, capacity 8599K, committed 8832K, reserved 1056768K
  class space    used 782K, capacity 878K, committed 896K, reserved 1048576K
Event: 0.753 GC heap after
Heap after GC invocations=1 (full 0):
 PSYoungGen      total 76288K, used 3214K [0x000000076b500000, 0x0000000770a00000, 0x00000007c0000000)
  eden space 65536K, 0% used [0x000000076b500000,0x000000076b500000,0x000000076f500000)
  from space 10752K, 29% used [0x000000076f500000,0x000000076f823bd0,0x000000076ff80000)
  to   space 10752K, 0% used [0x000000076ff80000,0x000000076ff80000,0x0000000770a00000)
 ParOldGen       total 175104K, used 16K [0x00000006c1e00000, 0x00000006cc900000, 0x000000076b500000)
  object space 175104K, 0% used [0x00000006c1e00000,0x00000006c1e04000,0x00000006cc900000)
 Metaspace       used 8347K, capacity 8599K, committed 8832K, reserved 1056768K
  class space    used 782K, capacity 878K, committed 896K, reserved 1048576K
}
Event: 0.771 GC heap before
{Heap before GC invocations=2 (full 0):
 PSYoungGen      total 76288K, used 68750K [0x000000076b500000, 0x0000000770a00000, 0x00000007c0000000)
  eden space 65536K, 100% used [0x000000076b500000,0x000000076f500000,0x000000076f500000)
  from space 10752K, 29% used [0x000000076f500000,0x000000076f823bd0,0x000000076ff80000)
  to   space 10752K, 0% used [0x000000076ff80000,0x000000076ff80000,0x0000000770a00000)
 ParOldGen       total 175104K, used 16K [0x00000006c1e00000, 0x00000006cc900000, 0x000000076b500000)
  object space 175104K, 0% used [0x00000006c1e00000,0x00000006c1e04000,0x00000006cc900000)
 Metaspace       used 8354K, capacity 8599K, committed 8832K, reserved 1056768K
  class space    used 782K, capacity 878K, committed 896K, reserved 1048576K
Event: 0.773 GC heap after
Heap after GC invocations=2 (full 0):
 PSYoungGen      total 76288K, used 1956K [0x000000076b500000, 0x0000000774a00000, 0x00000007c0000000)
  eden space 65536K, 0% used [0x000000076b500000,0x000000076b500000,0x000000076f500000)
  from space 10752K, 18% used [0x000000076ff80000,0x00000007701690f0,0x0000000770a00000)
  to   space 10752K, 0% used [0x000000076f500000,0x000000076f500000,0x000000076ff80000)
 ParOldGen       total 175104K, used 24K [0x00000006c1e00000, 0x00000006cc900000, 0x000000076b500000)
  object space 175104K, 0% used [0x00000006c1e00000,0x00000006c1e06000,0x00000006cc900000)
 Metaspace       used 8354K, capacity 8599K, committed 8832K, reserved 1056768K
  class space    used 782K, capacity 878K, committed 896K, reserved 1048576K
}
Event: 0.798 GC heap before
{Heap before GC invocations=3 (full 0):
 PSYoungGen      total 76288K, used 67492K [0x000000076b500000, 0x0000000774a00000, 0x00000007c0000000)
  eden space 65536K, 100% used [0x000000076b500000,0x000000076f500000,0x000000076f500000)
  from space 10752K, 18% used [0x000000076ff80000,0x00000007701690f0,0x0000000770a00000)
  to   space 10752K, 0% used [0x000000076f500000,0x000000076f500000,0x000000076ff80000)
 ParOldGen       total 175104K, used 24K [0x00000006c1e00000, 0x00000006cc900000, 0x000000076b500000)
  object space 175104K, 0% used [0x00000006c1e00000,0x00000006c1e06000,0x00000006cc900000)
 Metaspace       used 8354K, capacity 8599K, committed 8832K, reserved 1056768K
  class space    used 782K, capacity 878K, committed 896K, reserved 1048576K
Event: 0.800 GC heap after
Heap after GC invocations=3 (full 0):
 PSYoungGen      total 76288K, used 1893K [0x000000076b500000, 0x0000000774a00000, 0x00000007c0000000)
  eden space 65536K, 0% used [0x000000076b500000,0x000000076b500000,0x000000076f500000)
  from space 10752K, 17% used [0x000000076f500000,0x000000076f6d9680,0x000000076ff80000)
  to   space 10752K, 0% used [0x0000000773f80000,0x0000000773f80000,0x0000000774a00000)
 ParOldGen       total 175104K, used 24K [0x00000006c1e00000, 0x00000006cc900000, 0x000000076b500000)
  object space 175104K, 0% used [0x00000006c1e00000,0x00000006c1e06000,0x00000006cc900000)
 Metaspace       used 8354K, capacity 8599K, committed 8832K, reserved 1056768K
  class space    used 782K, capacity 878K, committed 896K, reserved 1048576K
}
Event: 0.816 GC heap before
{Heap before GC invocations=4 (full 0):
 PSYoungGen      total 76288K, used 67429K [0x000000076b500000, 0x0000000774a00000, 0x00000007c0000000)
  eden space 65536K, 100% used [0x000000076b500000,0x000000076f500000,0x000000076f500000)
  from space 10752K, 17% used [0x000000076f500000,0x000000076f6d9680,0x000000076ff80000)
  to   space 10752K, 0% used [0x0000000773f80000,0x0000000773f80000,0x0000000774a00000)
 ParOldGen       total 175104K, used 24K [0x00000006c1e00000, 0x00000006cc900000, 0x000000076b500000)
  object space 175104K, 0% used [0x00000006c1e00000,0x00000006c1e06000,0x00000006cc900000)
 Metaspace       used 8354K, capacity 8599K, committed 8832K, reserved 1056768K
  class space    used 782K, capacity 878K, committed 896K, reserved 1048576K
Event: 0.818 GC heap after
Heap after GC invocations=4 (full 0):
 PSYoungGen      total 141824K, used 1909K [0x000000076b500000, 0x0000000774a00000, 0x00000007c0000000)
  eden space 131072K, 0% used [0x000000076b500000,0x000000076b500000,0x0000000773500000)
  from space 10752K, 17% used [0x0000000773f80000,0x000000077415d690,0x0000000774a00000)
  to   space 10752K, 0% used [0x0000000773500000,0x0000000773500000,0x0000000773f80000)
 ParOldGen       total 175104K, used 32K [0x00000006c1e00000, 0x00000006cc900000, 0x000000076b500000)
  object space 175104K, 0% used [0x00000006c1e00000,0x00000006c1e08000,0x00000006cc900000)
 Metaspace       used 8354K, capacity 8599K, committed 8832K, reserved 1056768K
  class space    used 782K, capacity 878K, committed 896K, reserved 1048576K
}
Event: 0.870 GC heap before
{Heap before GC invocations=5 (full 0):
 PSYoungGen      total 141824K, used 132981K [0x000000076b500000, 0x0000000774a00000, 0x00000007c0000000)
  eden space 131072K, 100% used [0x000000076b500000,0x0000000773500000,0x0000000773500000)
  from space 10752K, 17% used [0x0000000773f80000,0x000000077415d690,0x0000000774a00000)
  to   space 10752K, 0% used [0x0000000773500000,0x0000000773500000,0x0000000773f80000)
 ParOldGen       total 175104K, used 32K [0x00000006c1e00000, 0x00000006cc900000, 0x000000076b500000)
  object space 175104K, 0% used [0x00000006c1e00000,0x00000006c1e08000,0x00000006cc900000)
 Metaspace       used 8354K, capacity 8599K, committed 8832K, reserved 1056768K
  class space    used 782K, capacity 878K, committed 896K, reserved 1048576K
Event: 0.872 GC heap after
Heap after GC invocations=5 (full 0):
 PSYoungGen      total 141824K, used 1957K [0x000000076b500000, 0x000000077bc00000, 0x00000007c0000000)
  eden space 131072K, 0% used [0x000000076b500000,0x000000076b500000,0x0000000773500000)
  from space 10752K, 18% used [0x0000000773500000,0x00000007736e9680,0x0000000773f80000)
  to   space 3584K, 0% used [0x000000077b880000,0x000000077b880000,0x000000077bc00000)
 ParOldGen       total 175104K, used 40K [0x00000006c1e00000, 0x00000006cc900000, 0x000000076b500000)
  object space 175104K, 0% used [0x00000006c1e00000,0x00000006c1e0a000,0x00000006cc900000)
 Metaspace       used 8354K, capacity 8599K, committed 8832K, reserved 1056768K
  class space    used 782K, capacity 878K, committed 896K, reserved 1048576K
}

Deoptimization events (1 events):
Event: 0.893 Thread 0x00000000028ae800 Uncommon trap: reason=unstable_if action=reinterpret pc=0x0000000002c557e4 method=java.lang.ThreadLocal$ThreadLocalMap.getEntry(Ljava/lang/ThreadLocal;)Ljava/lang/ThreadLocal$ThreadLocalMap$Entry; @ 21

Internal exceptions (10 events):
Event: 0.119 Thread 0x00000000028ae800 Exception <a 'java/lang/NoSuchFieldError': method resolution failed> (0x000000076b827a90) thrown at [C:\re\workspace\8-2-build-windows-amd64-cygwin\jdk8u151\9699\hotspot\src\share\vm\prims\methodHandles.cpp, line 1146]
Event: 0.120 Thread 0x00000000028ae800 Exception <a 'java/lang/NoSuchFieldError': method resolution failed> (0x000000076b834e90) thrown at [C:\re\workspace\8-2-build-windows-amd64-cygwin\jdk8u151\9699\hotspot\src\share\vm\prims\methodHandles.cpp, line 1146]
Event: 0.160 Thread 0x00000000028ae800 Exception <a 'java/security/PrivilegedActionException'> (0x000000076b9b07d0) thrown at [C:\re\workspace\8-2-build-windows-amd64-cygwin\jdk8u151\9699\hotspot\src\share\vm\prims\jvm.cpp, line 1390]
Event: 0.160 Thread 0x00000000028ae800 Exception <a 'java/security/PrivilegedActionException'> (0x000000076b9b09e0) thrown at [C:\re\workspace\8-2-build-windows-amd64-cygwin\jdk8u151\9699\hotspot\src\share\vm\prims\jvm.cpp, line 1390]
Event: 0.160 Thread 0x00000000028ae800 Exception <a 'java/security/PrivilegedActionException'> (0x000000076b9b4838) thrown at [C:\re\workspace\8-2-build-windows-amd64-cygwin\jdk8u151\9699\hotspot\src\share\vm\prims\jvm.cpp, line 1390]
Event: 0.160 Thread 0x00000000028ae800 Exception <a 'java/security/PrivilegedActionException'> (0x000000076b9b4a48) thrown at [C:\re\workspace\8-2-build-windows-amd64-cygwin\jdk8u151\9699\hotspot\src\share\vm\prims\jvm.cpp, line 1390]
Event: 0.371 Thread 0x00000000028ae800 Exception <a 'sun/nio/fs/WindowsException'> (0x000000076bbb0590) thrown at [C:\re\workspace\8-2-build-windows-amd64-cygwin\jdk8u151\9699\hotspot\src\share\vm\prims\jni.cpp, line 709]
Event: 0.371 Thread 0x00000000028ae800 Exception <a 'sun/nio/fs/WindowsException'> (0x000000076bbb0de8) thrown at [C:\re\workspace\8-2-build-windows-amd64-cygwin\jdk8u151\9699\hotspot\src\share\vm\prims\jni.cpp, line 709]
Event: 0.893 Thread 0x00000000028ae800 Implicit null exception at 0x0000000002c5573c to 0x0000000002c557c9
Event: 1.017 Thread 0x00000000028ae800 Exception <a 'java/io/FileNotFoundException'> (0x00000007704ce218) thrown at [C:\re\workspace\8-2-build-windows-amd64-cygwin\jdk8u151\9699\hotspot\src\share\vm\prims\jni.cpp, line 709]

Events (10 events):
Event: 1.018 loading class java/awt/GraphicsEnvironment
Event: 1.018 loading class java/awt/GraphicsEnvironment done
Event: 1.018 loading class java/awt/Insets
Event: 1.018 loading class java/awt/Insets done
Event: 1.023 loading class Main$MainAutopilotInputs
Event: 1.023 loading class Main$MainAutopilotInputs done
Event: 1.024 loading class internal/AutoPilotCamera
Event: 1.024 loading class internal/AutoPilotCamera done
Event: 1.025 loading class internal/Pixel
Event: 1.025 loading class internal/Pixel done


Dynamic libraries:
0x00007ff7e1680000 - 0x00007ff7e16b7000 	C:\Program Files\Java\jre1.8.0_151\bin\javaw.exe
0x00007ff8f51c0000 - 0x00007ff8f5392000 	C:\Windows\SYSTEM32\ntdll.dll
0x00007ff8f4fc0000 - 0x00007ff8f506c000 	C:\Windows\System32\KERNEL32.DLL
0x00007ff8f16c0000 - 0x00007ff8f18dd000 	C:\Windows\System32\KERNELBASE.dll
0x00007ff8f4ed0000 - 0x00007ff8f4f72000 	C:\Windows\System32\ADVAPI32.dll
0x00007ff8f2750000 - 0x00007ff8f27ee000 	C:\Windows\System32\msvcrt.dll
0x00007ff8f4920000 - 0x00007ff8f4979000 	C:\Windows\System32\sechost.dll
0x00007ff8f4a50000 - 0x00007ff8f4b71000 	C:\Windows\System32\RPCRT4.dll
0x00007ff8f4d50000 - 0x00007ff8f4eb5000 	C:\Windows\System32\USER32.dll
0x00007ff8f1930000 - 0x00007ff8f194e000 	C:\Windows\System32\win32u.dll
0x00007ff8f4f80000 - 0x00007ff8f4fb4000 	C:\Windows\System32\GDI32.dll
0x00007ff8f1b60000 - 0x00007ff8f1ce0000 	C:\Windows\System32\gdi32full.dll
0x00007ff8e2b60000 - 0x00007ff8e2dda000 	C:\Windows\WinSxS\amd64_microsoft.windows.common-controls_6595b64144ccf1df_6.0.14393.953_none_42151e83c686086b\COMCTL32.dll
0x00007ff8f2f60000 - 0x00007ff8f3228000 	C:\Windows\System32\combase.dll
0x00007ff8f19b0000 - 0x00007ff8f1aa5000 	C:\Windows\System32\ucrtbase.dll
0x00007ff8f1f50000 - 0x00007ff8f1fba000 	C:\Windows\System32\bcryptPrimitives.dll
0x00007ff8f4d20000 - 0x00007ff8f4d4e000 	C:\Windows\System32\IMM32.DLL
0x0000000073360000 - 0x0000000073432000 	C:\Program Files\Java\jre1.8.0_151\bin\msvcr100.dll
0x0000000073610000 - 0x0000000073ead000 	C:\Program Files\Java\jre1.8.0_151\bin\server\jvm.dll
0x00007ff8f51b0000 - 0x00007ff8f51b8000 	C:\Windows\System32\PSAPI.DLL
0x00007ff8ef070000 - 0x00007ff8ef079000 	C:\Windows\SYSTEM32\WSOCK32.dll
0x00007ff8e3d60000 - 0x00007ff8e3d6a000 	C:\Windows\SYSTEM32\VERSION.dll
0x00007ff8efa80000 - 0x00007ff8efaa3000 	C:\Windows\SYSTEM32\WINMM.dll
0x00007ff8f4980000 - 0x00007ff8f49ea000 	C:\Windows\System32\WS2_32.dll
0x0000000000e80000 - 0x0000000000eab000 	C:\Windows\SYSTEM32\WINMMBASE.dll
0x00007ff8f18e0000 - 0x00007ff8f1922000 	C:\Windows\System32\cfgmgr32.dll
0x0000000073520000 - 0x000000007352f000 	C:\Program Files\Java\jre1.8.0_151\bin\verify.dll
0x00000000734f0000 - 0x0000000073519000 	C:\Program Files\Java\jre1.8.0_151\bin\java.dll
0x00000000734d0000 - 0x00000000734e6000 	C:\Program Files\Java\jre1.8.0_151\bin\zip.dll
0x00007ff8f3310000 - 0x00007ff8f4818000 	C:\Windows\System32\SHELL32.dll
0x00007ff8f1fc0000 - 0x00007ff8f2698000 	C:\Windows\System32\windows.storage.dll
0x00007ff8f1660000 - 0x00007ff8f16ac000 	C:\Windows\System32\powrprof.dll
0x00007ff8f32b0000 - 0x00007ff8f3302000 	C:\Windows\System32\shlwapi.dll
0x00007ff8f16b0000 - 0x00007ff8f16bf000 	C:\Windows\System32\kernel.appcore.dll
0x00007ff8f26a0000 - 0x00007ff8f2749000 	C:\Windows\System32\shcore.dll
0x00007ff8f1630000 - 0x00007ff8f1644000 	C:\Windows\System32\profapi.dll
0x00000000734b0000 - 0x00000000734ca000 	C:\Program Files\Java\jre1.8.0_151\bin\net.dll
0x00007ff8f0f00000 - 0x00007ff8f0f5c000 	C:\Windows\system32\mswsock.dll
0x0000000073490000 - 0x00000000734a1000 	C:\Program Files\Java\jre1.8.0_151\bin\nio.dll
0x00007ff8e5df0000 - 0x00007ff8e5e48000 	C:\Users\Anthony Rathe\AppData\Local\Temp\lwjglAnthony Rathe\3.1.3-SNAPSHOT\lwjgl.dll
0x00007ff8e44c0000 - 0x00007ff8e450d000 	C:\Users\ANTHON~1\AppData\Local\Temp\lwjglAnthony Rathe\3.1.3-SNAPSHOT\glfw.dll
0x00007ff8efe90000 - 0x00007ff8eff25000 	C:\Windows\system32\uxtheme.dll
0x00007ff8e1e90000 - 0x00007ff8e1ed0000 	C:\Windows\SYSTEM32\dinput8.dll
0x00007ff8eebc0000 - 0x00007ff8eebce000 	C:\Windows\SYSTEM32\xinput1_4.dll
0x00007ff8f0380000 - 0x00007ff8f03a8000 	C:\Windows\SYSTEM32\DEVOBJ.dll
0x00007ff8ef4a0000 - 0x00007ff8ef4c6000 	C:\Windows\SYSTEM32\dwmapi.dll
0x00007ff8f29d0000 - 0x00007ff8f2b2a000 	C:\Windows\System32\MSCTF.dll
0x00007ff8f2910000 - 0x00007ff8f29cf000 	C:\Windows\System32\OLEAUT32.dll
0x00007ff8f1eb0000 - 0x00007ff8f1f4c000 	C:\Windows\System32\msvcp_win.dll
0x00007ff8f0630000 - 0x00007ff8f063c000 	C:\Windows\SYSTEM32\HID.DLL
0x00007ff8f2b30000 - 0x00007ff8f2f59000 	C:\Windows\System32\SETUPAPI.DLL
0x00007ff8f1950000 - 0x00007ff8f19a5000 	C:\Windows\System32\WINTRUST.dll
0x00007ff8f1650000 - 0x00007ff8f1660000 	C:\Windows\System32\MSASN1.dll
0x00007ff8f1ce0000 - 0x00007ff8f1ea9000 	C:\Windows\System32\CRYPT32.dll
0x00007ff8e2180000 - 0x00007ff8e22a3000 	C:\Windows\SYSTEM32\opengl32.dll
0x00007ff8e2010000 - 0x00007ff8e2107000 	C:\Windows\SYSTEM32\DDRAW.dll
0x00007ff8e2110000 - 0x00007ff8e213d000 	C:\Windows\SYSTEM32\GLU32.dll
0x00007ff8e7010000 - 0x00007ff8e7018000 	C:\Windows\SYSTEM32\DCIMAN32.dll
0x00007ff8ba0a0000 - 0x00007ff8babe7000 	C:\Windows\SYSTEM32\ig75icd64.dll
0x00007ff8ef1a0000 - 0x00007ff8ef1b3000 	C:\Windows\SYSTEM32\WTSAPI32.dll
0x00007ff8c3ea0000 - 0x00007ff8c48df000 	C:\Windows\SYSTEM32\igdusc64.dll
0x00007ff8e1e30000 - 0x00007ff8e1e8f000 	C:\Users\Anthony Rathe\AppData\Local\Temp\lwjglAnthony Rathe\3.1.3-SNAPSHOT\lwjgl_opengl.dll
0x00000000731c0000 - 0x0000000073358000 	C:\Program Files\Java\jre1.8.0_151\bin\awt.dll
0x00007ff8efcb0000 - 0x00007ff8efd2a000 	C:\Windows\SYSTEM32\apphelp.dll
0x00007ff8eae10000 - 0x00007ff8eafa2000 	C:\Windows\SYSTEM32\dbghelp.dll

VM Arguments:
jvm_args: -Dfile.encoding=Cp1252 
java_command: Main
java_class_path (initial): C:\Program Files\Java\jre1.8.0_151\lib\resources.jar;C:\Program Files\Java\jre1.8.0_151\lib\rt.jar;C:\Program Files\Java\jre1.8.0_151\lib\jsse.jar;C:\Program Files\Java\jre1.8.0_151\lib\jce.jar;C:\Program Files\Java\jre1.8.0_151\lib\charsets.jar;C:\Program Files\Java\jre1.8.0_151\lib\jfr.jar;C:\Program Files\Java\jre1.8.0_151\lib\ext\access-bridge-64.jar;C:\Program Files\Java\jre1.8.0_151\lib\ext\cldrdata.jar;C:\Program Files\Java\jre1.8.0_151\lib\ext\dnsns.jar;C:\Program Files\Java\jre1.8.0_151\lib\ext\jaccess.jar;C:\Program Files\Java\jre1.8.0_151\lib\ext\jfxrt.jar;C:\Program Files\Java\jre1.8.0_151\lib\ext\localedata.jar;C:\Program Files\Java\jre1.8.0_151\lib\ext\nashorn.jar;C:\Program Files\Java\jre1.8.0_151\lib\ext\sunec.jar;C:\Program Files\Java\jre1.8.0_151\lib\ext\sunjce_provider.jar;C:\Program Files\Java\jre1.8.0_151\lib\ext\sunmscapi.jar;C:\Program Files\Java\jre1.8.0_151\lib\ext\sunpkcs11.jar;C:\Program Files\Java\jre1.8.0_151\lib\ext\zipfs.jar;C:\Users\Anthony Rathe\repos\p-en-o-platinum\bin;C:\Users\Anthony Rathe\eclipse\libraries\lwjgl\lwjgl\lwjgl.jar;C:\Users\Anthony Rathe\eclipse\libraries\lwjgl\lwjgl\lwjgl-natives-linux.jar;C:\Users\Anthony Rathe\eclipse\libraries\lwjgl\lwjgl\lwjgl-natives-macos.jar;C:\Users\Anthony Rathe\eclipse\libraries\lwjgl\lwjgl\lwjgl-natives-windows.jar;C:\Users\Anthony Rathe\eclipse\libraries\lwjgl\lwjgl-opengl\lwjgl-opengl.jar;C:\Users\Anthony Rathe\eclipse\libraries\lwjgl\lwjgl-opengl\lwjgl-opengl-natives-linux.jar;C:\Users\Anthony Rathe\eclipse\libraries\lwjgl\lwjgl-opengl\lwjgl-opengl-natives-macos.jar;C:\Users\Anthony Rathe\eclipse\libraries\lwjgl\lwjgl-opengl\lwjgl-opengl-natives-windows.jar;C:\Users\Anthony Rathe\eclipse\libraries\lwjgl\lwjgl-glfw\lwjgl-glfw.jar;C:\Users\Anthony Rathe\eclipse\libraries\lwjgl\lwjgl-glfw\lwjgl-glfw-natives-linux.jar;C:\Users\Anthony Rathe\eclipse\libraries\lwjgl\lwjgl-glfw\lwjgl-glfw-natives-macos.jar;C:\Users\Anthony Rathe\eclipse\libraries\lwjgl\lwjgl-glfw
Launcher Type: SUN_STANDARD

Environment Variables:
PATH=C:/Program Files/Java/jre1.8.0_151/bin/server;C:/Program Files/Java/jre1.8.0_151/bin;C:/Program Files/Java/jre1.8.0_151/lib/amd64;C:\ProgramData\Oracle\Java\javapath;C:\Program Files (x86)\Intel\iCLS Client\;C:\Program Files\Intel\iCLS Client\;C:\Windows\system32;C:\Windows;C:\Windows\System32\Wbem;C:\Windows\System32\WindowsPowerShell\v1.0\;C:\Program Files\Intel\Intel(R) Management Engine Components\DAL;C:\Program Files (x86)\Intel\Intel(R) Management Engine Components\DAL;C:\Program Files\Intel\Intel(R) Management Engine Components\IPT;C:\Program Files (x86)\Intel\Intel(R) Management Engine Components\IPT;C:\Program Files\Git\cmd;C:\Users\Anthony Rathe\AppData\Local\Microsoft\WindowsApps;;C:\Windows\system32;
USERNAME=Anthony Rathe
OS=Windows_NT
PROCESSOR_IDENTIFIER=Intel64 Family 6 Model 70 Stepping 1, GenuineIntel



---------------  S Y S T E M  ---------------

OS: Windows 10.0 , 64 bit Build 14393 (10.0.14393.1198)

CPU:total 8 (initial active 8) (4 cores per cpu, 2 threads per core) family 6 model 70 stepping 1, cmov, cx8, fxsr, mmx, sse, sse2, sse3, ssse3, sse4.1, sse4.2, popcnt, avx, avx2, aes, clmul, erms, lzcnt, ht, tsc, tscinvbit, bmi1, bmi2

Memory: 4k page, physical 16650516k(12149036k free), swap 17995248k(13182244k free)

vm_info: Java HotSpot(TM) 64-Bit Server VM (25.151-b12) for windows-amd64 JRE (1.8.0_151-b12), built on Sep  5 2017 19:33:46 by "java_re" with MS VC++ 10.0 (VS2010)

time: Thu Dec 14 10:46:41 2017
elapsed time: 1 seconds (0d 0h 0m 1s)

